{
  "submission_id": 1751281765,
  "problem_id": 1,
  "user_id": 3,
  "language": "cpp",
  "code": "#include <bits/stdc++.h>\n\nusing namespace std;\nint main(){\n\n    int n;\ncin>>n;\nint t;\ncin>>t;\n\nint arr[n];\nfor(int i=0;i<n;i++)\n    cin>>arr[i];\n\nint dp[t+1];\nfor (int i=0;i<t+1;i++) {\n    dp[i]=-1;\n}\ndp[0]=0;\nint i=n-1;\nwhile(i>=0){\n    int total=arr[i];\n    int count=1;\n    while(total<t){\n        if(dp[total]!=-1){\n            break;\n        }\n        if(dp[total]==-1){\n      dp[total]=count;\n      \n        }\n        total=total+arr[i];\n      count++;\n    }\n    i--;\n}\n\nfor(int i=0;i<t;i++){\n    //cout<<dp[i]<<\"  \";\n\n}\nint maxi=100;\nint a=t-1;\n//cout<<a;#include <bits/stdc++.h>\n\nusing namespace std;\nint main(){\n\n    int n;\ncin>>n;\nint t;\ncin>>t;\n\nint arr[n];\nfor(int i=0;i<n;i++)\n    cin>>arr[i];\n\n    sort(arr,arr+n);\nint dp[t+1];\nfor (int i=0;i<t+1;i++) {\n    dp[i]=-1;\n}\ndp[0]=0;\nint i=n-1;\nwhile(i>=0){\n    int total=arr[i];\n    int count=1;\n    while(total<t){\n        if(dp[total]!=-1){\n            break;\n        }\n        if(dp[total]==-1){\n      dp[total]=count;\n      \n        }\n        total=total+arr[i];\n      count++;\n    }\n    i--;\n}\n\nfor(int i=0;i<t;i++){\n    //cout<<dp[i]<<\"  \";\n\n}\nint maxi=100;\nint a=t-1;\n//cout<<a;\nwhile(a>0){\n    if(dp[a]!=-1){\n        //cout<<a<<\" \";\n        int req=t-a;\n        if(dp[req]!=-1)\n        //cout<<req<<\" \";\n        maxi=min(maxi,dp[a]+dp[req]);\n        //cout<<maxi<<\" \";\n    }\n    a--;\n}\ncout<<endl<<maxi;\n}\n//done\nwhile(a>0){\n    if(dp[a]!=-1){\n        //cout<<a<<\" \";\n        int req=t-a;\n        if(dp[req]!=-1)\n        //cout<<req<<\" \";\n        maxi=min(maxi,dp[a]+dp[req]);\n        //cout<<maxi<<\" \";\n    }\n    a--;\n}\ncout<<endl<<maxi;\n}\n//done",
  "status": "Wrong Answer",
  "message": "Testcase 1 failed.\nExpected: 9\nGot: Compilation error:\nC:\\Users\\lohit\\AppData\\Local\\Temp\\tmp8clag7xx\\main.cpp: In function 'int main()':\nC:\\Users\\lohit\\AppData\\Local\\Temp\\tmp8clag7xx\\main.cpp:47:11: error: a function-definition is not allowed here before '{' token\n int main(){\n           ^\nC:\\Users\\lohit\\AppData\\Local\\Temp\\tmp8clag7xx\\main.cpp:115:1: error: expected '}' at end of input\n }\n ^\n",
  "logs": [
    {
      "testcase": 1,
      "input": "2 30\n1 8",
      "expected": "9",
      "output": "Compilation error:\nC:\\Users\\lohit\\AppData\\Local\\Temp\\tmp8clag7xx\\main.cpp: In function 'int main()':\nC:\\Users\\lohit\\AppData\\Local\\Temp\\tmp8clag7xx\\main.cpp:47:11: error: a function-definition is not allowed here before '{' token\n int main(){\n           ^\nC:\\Users\\lohit\\AppData\\Local\\Temp\\tmp8clag7xx\\main.cpp:115:1: error: expected '}' at end of input\n }\n ^\n"
    }
  ]
}